2022-02-11 09:25:09,351 DEBUG scheduler Queued events for site erp.mahbod.com
2022-02-11 09:26:09,801 DEBUG scheduler Queued events for site erp.mahbod.com
2022-02-11 09:27:10,263 DEBUG scheduler Queued events for site erp.mahbod.com
2022-02-11 09:28:10,701 INFO scheduler Scheduled Job Start: erpnext.crm.doctype.social_media_post.social_media_post.process_scheduled_social_media_posts for erp.mahbod.com
2022-02-11 09:28:10,888 DEBUG scheduler Queued events for site erp.mahbod.com
2022-02-11 09:28:11,077 INFO scheduler Scheduled Job Complete: erpnext.crm.doctype.social_media_post.social_media_post.process_scheduled_social_media_posts for erp.mahbod.com
2022-02-11 09:28:11,197 INFO scheduler Scheduled Job Start: erpnext.hr.doctype.interview.interview.send_interview_reminder for erp.mahbod.com
2022-02-11 09:28:11,589 INFO scheduler Scheduled Job Complete: erpnext.hr.doctype.interview.interview.send_interview_reminder for erp.mahbod.com
2022-02-11 09:28:11,739 INFO scheduler Scheduled Job Start: erpnext.projects.doctype.project.project.project_status_update_reminder for erp.mahbod.com
2022-02-11 09:28:12,353 INFO scheduler Scheduled Job Complete: erpnext.projects.doctype.project.project.project_status_update_reminder for erp.mahbod.com
2022-02-11 09:28:12,489 INFO scheduler Scheduled Job Start: frappe.monitor.flush for erp.mahbod.com
2022-02-11 09:28:12,792 INFO scheduler Scheduled Job Complete: frappe.monitor.flush for erp.mahbod.com
2022-02-11 09:28:12,926 INFO scheduler Scheduled Job Start: frappe.utils.global_search.sync_global_search for erp.mahbod.com
2022-02-11 09:28:13,238 INFO scheduler Scheduled Job Complete: frappe.utils.global_search.sync_global_search for erp.mahbod.com
2022-02-11 09:28:13,382 INFO scheduler Scheduled Job Start: frappe.integrations.doctype.razorpay_settings.razorpay_settings.capture_payment for erp.mahbod.com
2022-02-11 09:28:13,738 INFO scheduler Scheduled Job Complete: frappe.integrations.doctype.razorpay_settings.razorpay_settings.capture_payment for erp.mahbod.com
2022-02-11 09:28:13,922 INFO scheduler Scheduled Job Start: frappe.email.doctype.email_account.email_account.notify_unreplied for erp.mahbod.com
2022-02-11 09:28:14,433 INFO scheduler Scheduled Job Complete: frappe.email.doctype.email_account.email_account.notify_unreplied for erp.mahbod.com
2022-02-11 09:28:14,558 INFO scheduler Scheduled Job Start: frappe.email.doctype.email_account.email_account.pull for erp.mahbod.com
2022-02-11 09:28:15,025 INFO scheduler Scheduled Job Complete: frappe.email.doctype.email_account.email_account.pull for erp.mahbod.com
2022-02-11 09:28:15,190 INFO scheduler Scheduled Job Start: frappe.email.queue.flush for erp.mahbod.com
2022-02-11 09:28:15,542 INFO scheduler Scheduled Job Complete: frappe.email.queue.flush for erp.mahbod.com
2022-02-11 09:29:11,378 DEBUG scheduler Queued events for site erp.mahbod.com
2022-02-11 09:30:11,851 INFO scheduler Scheduled Job Start: erpnext.utilities.doctype.video.video.update_youtube_data for erp.mahbod.com
2022-02-11 09:30:11,929 DEBUG scheduler Queued events for site erp.mahbod.com
2022-02-11 09:30:12,556 INFO scheduler Scheduled Job Complete: erpnext.utilities.doctype.video.video.update_youtube_data for erp.mahbod.com
2022-02-11 09:30:12,696 INFO scheduler Scheduled Job Start: frappe.twofactor.delete_all_barcodes_for_users for erp.mahbod.com
2022-02-11 09:30:13,246 INFO scheduler Scheduled Job Complete: frappe.twofactor.delete_all_barcodes_for_users for erp.mahbod.com
2022-02-11 09:30:13,388 INFO scheduler Scheduled Job Start: frappe.website.doctype.web_page.web_page.check_publish_status for erp.mahbod.com
2022-02-11 09:30:14,006 INFO scheduler Scheduled Job Complete: frappe.website.doctype.web_page.web_page.check_publish_status for erp.mahbod.com
2022-02-11 09:30:14,143 INFO scheduler Scheduled Job Start: frappe.oauth.delete_oauth2_data for erp.mahbod.com
2022-02-11 09:30:14,654 INFO scheduler Scheduled Job Complete: frappe.oauth.delete_oauth2_data for erp.mahbod.com
2022-02-11 09:31:12,425 DEBUG scheduler Queued events for site erp.mahbod.com
2022-02-11 09:32:12,862 INFO scheduler Scheduled Job Start: erpnext.crm.doctype.social_media_post.social_media_post.process_scheduled_social_media_posts for erp.mahbod.com
2022-02-11 09:32:13,035 DEBUG scheduler Queued events for site erp.mahbod.com
2022-02-11 09:32:13,236 INFO scheduler Scheduled Job Complete: erpnext.crm.doctype.social_media_post.social_media_post.process_scheduled_social_media_posts for erp.mahbod.com
2022-02-11 09:32:13,364 INFO scheduler Scheduled Job Start: erpnext.hr.doctype.interview.interview.send_interview_reminder for erp.mahbod.com
2022-02-11 09:32:13,735 INFO scheduler Scheduled Job Complete: erpnext.hr.doctype.interview.interview.send_interview_reminder for erp.mahbod.com
2022-02-11 09:32:13,869 INFO scheduler Scheduled Job Start: erpnext.projects.doctype.project.project.project_status_update_reminder for erp.mahbod.com
2022-02-11 09:32:14,419 INFO scheduler Scheduled Job Complete: erpnext.projects.doctype.project.project.project_status_update_reminder for erp.mahbod.com
2022-02-11 09:32:14,549 INFO scheduler Scheduled Job Start: frappe.monitor.flush for erp.mahbod.com
2022-02-11 09:32:14,861 INFO scheduler Scheduled Job Complete: frappe.monitor.flush for erp.mahbod.com
2022-02-11 09:32:14,986 INFO scheduler Scheduled Job Start: frappe.utils.global_search.sync_global_search for erp.mahbod.com
2022-02-11 09:32:15,278 INFO scheduler Scheduled Job Complete: frappe.utils.global_search.sync_global_search for erp.mahbod.com
2022-02-11 09:32:15,405 INFO scheduler Scheduled Job Start: frappe.integrations.doctype.razorpay_settings.razorpay_settings.capture_payment for erp.mahbod.com
2022-02-11 09:32:15,750 INFO scheduler Scheduled Job Complete: frappe.integrations.doctype.razorpay_settings.razorpay_settings.capture_payment for erp.mahbod.com
2022-02-11 09:32:15,886 INFO scheduler Scheduled Job Start: frappe.email.doctype.email_account.email_account.notify_unreplied for erp.mahbod.com
2022-02-11 09:32:16,283 INFO scheduler Scheduled Job Complete: frappe.email.doctype.email_account.email_account.notify_unreplied for erp.mahbod.com
2022-02-11 09:32:16,408 INFO scheduler Scheduled Job Start: frappe.email.doctype.email_account.email_account.pull for erp.mahbod.com
2022-02-11 09:32:16,834 INFO scheduler Scheduled Job Complete: frappe.email.doctype.email_account.email_account.pull for erp.mahbod.com
2022-02-11 09:32:16,985 INFO scheduler Scheduled Job Start: frappe.email.queue.flush for erp.mahbod.com
2022-02-11 09:32:17,318 INFO scheduler Scheduled Job Complete: frappe.email.queue.flush for erp.mahbod.com
2022-02-11 09:33:13,500 DEBUG scheduler Queued events for site erp.mahbod.com
2022-02-11 09:34:13,961 DEBUG scheduler Queued events for site erp.mahbod.com
2022-02-11 09:35:14,410 DEBUG scheduler Queued events for site erp.mahbod.com
2022-02-11 09:36:15,035 DEBUG scheduler Queued events for site erp.mahbod.com
2022-02-11 09:37:15,676 DEBUG scheduler Queued events for site erp.mahbod.com
2022-02-11 09:38:16,267 DEBUG scheduler Queued events for site erp.mahbod.com
2022-02-11 09:39:16,961 DEBUG scheduler Queued events for site erp.mahbod.com
2022-02-11 09:40:17,573 DEBUG scheduler Queued events for site erp.mahbod.com
2022-02-11 09:41:18,164 DEBUG scheduler Queued events for site erp.mahbod.com
2022-02-11 09:42:18,781 DEBUG scheduler Queued events for site erp.mahbod.com
2022-02-11 09:43:19,359 DEBUG scheduler Queued events for site erp.mahbod.com
2022-02-11 09:44:19,936 DEBUG scheduler Queued events for site erp.mahbod.com
2022-02-11 09:45:20,617 DEBUG scheduler Queued events for site erp.mahbod.com
2022-02-11 09:46:21,358 DEBUG scheduler Queued events for site erp.mahbod.com
2022-02-11 09:47:22,086 DEBUG scheduler Queued events for site erp.mahbod.com
2022-02-11 09:48:22,750 DEBUG scheduler Queued events for site erp.mahbod.com
2022-02-11 09:49:23,415 DEBUG scheduler Queued events for site erp.mahbod.com
2022-02-11 09:50:24,073 DEBUG scheduler Queued events for site erp.mahbod.com
2022-02-11 09:51:24,745 DEBUG scheduler Queued events for site erp.mahbod.com
2022-02-11 09:52:25,460 DEBUG scheduler Queued events for site erp.mahbod.com
2022-02-11 09:53:26,338 DEBUG scheduler Queued events for site erp.mahbod.com
2022-02-11 09:54:27,004 DEBUG scheduler Queued events for site erp.mahbod.com
2022-02-11 09:55:27,670 DEBUG scheduler Queued events for site erp.mahbod.com
2022-02-11 09:56:28,394 DEBUG scheduler Queued events for site erp.mahbod.com
