2022-02-11 09:25:09,351 DEBUG scheduler Queued events for site erp.mahbod.com
2022-02-11 09:26:09,801 DEBUG scheduler Queued events for site erp.mahbod.com
2022-02-11 09:27:10,263 DEBUG scheduler Queued events for site erp.mahbod.com
2022-02-11 09:28:10,701 INFO scheduler Scheduled Job Start: erpnext.crm.doctype.social_media_post.social_media_post.process_scheduled_social_media_posts for erp.mahbod.com
2022-02-11 09:28:10,888 DEBUG scheduler Queued events for site erp.mahbod.com
2022-02-11 09:28:11,077 INFO scheduler Scheduled Job Complete: erpnext.crm.doctype.social_media_post.social_media_post.process_scheduled_social_media_posts for erp.mahbod.com
2022-02-11 09:28:11,197 INFO scheduler Scheduled Job Start: erpnext.hr.doctype.interview.interview.send_interview_reminder for erp.mahbod.com
2022-02-11 09:28:11,589 INFO scheduler Scheduled Job Complete: erpnext.hr.doctype.interview.interview.send_interview_reminder for erp.mahbod.com
2022-02-11 09:28:11,739 INFO scheduler Scheduled Job Start: erpnext.projects.doctype.project.project.project_status_update_reminder for erp.mahbod.com
2022-02-11 09:28:12,353 INFO scheduler Scheduled Job Complete: erpnext.projects.doctype.project.project.project_status_update_reminder for erp.mahbod.com
2022-02-11 09:28:12,489 INFO scheduler Scheduled Job Start: frappe.monitor.flush for erp.mahbod.com
2022-02-11 09:28:12,792 INFO scheduler Scheduled Job Complete: frappe.monitor.flush for erp.mahbod.com
2022-02-11 09:28:12,926 INFO scheduler Scheduled Job Start: frappe.utils.global_search.sync_global_search for erp.mahbod.com
2022-02-11 09:28:13,238 INFO scheduler Scheduled Job Complete: frappe.utils.global_search.sync_global_search for erp.mahbod.com
2022-02-11 09:28:13,382 INFO scheduler Scheduled Job Start: frappe.integrations.doctype.razorpay_settings.razorpay_settings.capture_payment for erp.mahbod.com
2022-02-11 09:28:13,738 INFO scheduler Scheduled Job Complete: frappe.integrations.doctype.razorpay_settings.razorpay_settings.capture_payment for erp.mahbod.com
2022-02-11 09:28:13,922 INFO scheduler Scheduled Job Start: frappe.email.doctype.email_account.email_account.notify_unreplied for erp.mahbod.com
2022-02-11 09:28:14,433 INFO scheduler Scheduled Job Complete: frappe.email.doctype.email_account.email_account.notify_unreplied for erp.mahbod.com
2022-02-11 09:28:14,558 INFO scheduler Scheduled Job Start: frappe.email.doctype.email_account.email_account.pull for erp.mahbod.com
2022-02-11 09:28:15,025 INFO scheduler Scheduled Job Complete: frappe.email.doctype.email_account.email_account.pull for erp.mahbod.com
2022-02-11 09:28:15,190 INFO scheduler Scheduled Job Start: frappe.email.queue.flush for erp.mahbod.com
2022-02-11 09:28:15,542 INFO scheduler Scheduled Job Complete: frappe.email.queue.flush for erp.mahbod.com
2022-02-11 09:29:11,378 DEBUG scheduler Queued events for site erp.mahbod.com
2022-02-11 09:30:11,851 INFO scheduler Scheduled Job Start: erpnext.utilities.doctype.video.video.update_youtube_data for erp.mahbod.com
2022-02-11 09:30:11,929 DEBUG scheduler Queued events for site erp.mahbod.com
2022-02-11 09:30:12,556 INFO scheduler Scheduled Job Complete: erpnext.utilities.doctype.video.video.update_youtube_data for erp.mahbod.com
2022-02-11 09:30:12,696 INFO scheduler Scheduled Job Start: frappe.twofactor.delete_all_barcodes_for_users for erp.mahbod.com
2022-02-11 09:30:13,246 INFO scheduler Scheduled Job Complete: frappe.twofactor.delete_all_barcodes_for_users for erp.mahbod.com
2022-02-11 09:30:13,388 INFO scheduler Scheduled Job Start: frappe.website.doctype.web_page.web_page.check_publish_status for erp.mahbod.com
2022-02-11 09:30:14,006 INFO scheduler Scheduled Job Complete: frappe.website.doctype.web_page.web_page.check_publish_status for erp.mahbod.com
2022-02-11 09:30:14,143 INFO scheduler Scheduled Job Start: frappe.oauth.delete_oauth2_data for erp.mahbod.com
2022-02-11 09:30:14,654 INFO scheduler Scheduled Job Complete: frappe.oauth.delete_oauth2_data for erp.mahbod.com
2022-02-11 09:31:12,425 DEBUG scheduler Queued events for site erp.mahbod.com
2022-02-11 09:32:12,862 INFO scheduler Scheduled Job Start: erpnext.crm.doctype.social_media_post.social_media_post.process_scheduled_social_media_posts for erp.mahbod.com
2022-02-11 09:32:13,035 DEBUG scheduler Queued events for site erp.mahbod.com
2022-02-11 09:32:13,236 INFO scheduler Scheduled Job Complete: erpnext.crm.doctype.social_media_post.social_media_post.process_scheduled_social_media_posts for erp.mahbod.com
2022-02-11 09:32:13,364 INFO scheduler Scheduled Job Start: erpnext.hr.doctype.interview.interview.send_interview_reminder for erp.mahbod.com
2022-02-11 09:32:13,735 INFO scheduler Scheduled Job Complete: erpnext.hr.doctype.interview.interview.send_interview_reminder for erp.mahbod.com
2022-02-11 09:32:13,869 INFO scheduler Scheduled Job Start: erpnext.projects.doctype.project.project.project_status_update_reminder for erp.mahbod.com
2022-02-11 09:32:14,419 INFO scheduler Scheduled Job Complete: erpnext.projects.doctype.project.project.project_status_update_reminder for erp.mahbod.com
2022-02-11 09:32:14,549 INFO scheduler Scheduled Job Start: frappe.monitor.flush for erp.mahbod.com
2022-02-11 09:32:14,861 INFO scheduler Scheduled Job Complete: frappe.monitor.flush for erp.mahbod.com
2022-02-11 09:32:14,986 INFO scheduler Scheduled Job Start: frappe.utils.global_search.sync_global_search for erp.mahbod.com
2022-02-11 09:32:15,278 INFO scheduler Scheduled Job Complete: frappe.utils.global_search.sync_global_search for erp.mahbod.com
2022-02-11 09:32:15,405 INFO scheduler Scheduled Job Start: frappe.integrations.doctype.razorpay_settings.razorpay_settings.capture_payment for erp.mahbod.com
2022-02-11 09:32:15,750 INFO scheduler Scheduled Job Complete: frappe.integrations.doctype.razorpay_settings.razorpay_settings.capture_payment for erp.mahbod.com
2022-02-11 09:32:15,886 INFO scheduler Scheduled Job Start: frappe.email.doctype.email_account.email_account.notify_unreplied for erp.mahbod.com
2022-02-11 09:32:16,283 INFO scheduler Scheduled Job Complete: frappe.email.doctype.email_account.email_account.notify_unreplied for erp.mahbod.com
2022-02-11 09:32:16,408 INFO scheduler Scheduled Job Start: frappe.email.doctype.email_account.email_account.pull for erp.mahbod.com
2022-02-11 09:32:16,834 INFO scheduler Scheduled Job Complete: frappe.email.doctype.email_account.email_account.pull for erp.mahbod.com
2022-02-11 09:32:16,985 INFO scheduler Scheduled Job Start: frappe.email.queue.flush for erp.mahbod.com
2022-02-11 09:32:17,318 INFO scheduler Scheduled Job Complete: frappe.email.queue.flush for erp.mahbod.com
2022-02-11 09:33:13,500 DEBUG scheduler Queued events for site erp.mahbod.com
2022-02-11 09:34:13,961 DEBUG scheduler Queued events for site erp.mahbod.com
2022-02-11 09:35:14,410 DEBUG scheduler Queued events for site erp.mahbod.com
2022-02-11 09:36:15,035 DEBUG scheduler Queued events for site erp.mahbod.com
2022-02-11 09:37:15,676 DEBUG scheduler Queued events for site erp.mahbod.com
2022-02-11 09:38:16,267 DEBUG scheduler Queued events for site erp.mahbod.com
2022-02-11 09:39:16,961 DEBUG scheduler Queued events for site erp.mahbod.com
2022-02-11 09:40:17,573 DEBUG scheduler Queued events for site erp.mahbod.com
2022-02-11 09:41:18,164 DEBUG scheduler Queued events for site erp.mahbod.com
2022-02-11 09:42:18,781 DEBUG scheduler Queued events for site erp.mahbod.com
2022-02-11 09:43:19,359 DEBUG scheduler Queued events for site erp.mahbod.com
2022-02-11 09:44:19,936 DEBUG scheduler Queued events for site erp.mahbod.com
2022-02-11 09:45:20,617 DEBUG scheduler Queued events for site erp.mahbod.com
2022-02-11 09:46:21,358 DEBUG scheduler Queued events for site erp.mahbod.com
2022-02-11 09:47:22,086 DEBUG scheduler Queued events for site erp.mahbod.com
2022-02-11 09:48:22,750 DEBUG scheduler Queued events for site erp.mahbod.com
2022-02-11 09:49:23,415 DEBUG scheduler Queued events for site erp.mahbod.com
2022-02-11 09:50:24,073 DEBUG scheduler Queued events for site erp.mahbod.com
2022-02-11 09:51:24,745 DEBUG scheduler Queued events for site erp.mahbod.com
2022-02-11 09:52:25,460 DEBUG scheduler Queued events for site erp.mahbod.com
2022-02-11 09:53:26,338 DEBUG scheduler Queued events for site erp.mahbod.com
2022-02-11 09:54:27,004 DEBUG scheduler Queued events for site erp.mahbod.com
2022-02-11 09:55:27,670 DEBUG scheduler Queued events for site erp.mahbod.com
2022-02-11 09:56:28,394 DEBUG scheduler Queued events for site erp.mahbod.com
2022-02-11 09:57:29,136 DEBUG scheduler Queued events for site erp.mahbod.com
2022-02-11 09:58:29,919 DEBUG scheduler Queued events for site erp.mahbod.com
2022-02-11 09:59:30,701 DEBUG scheduler Queued events for site erp.mahbod.com
2022-02-11 10:00:31,836 DEBUG scheduler Queued events for site erp.mahbod.com
2022-02-11 10:01:32,985 DEBUG scheduler Queued events for site erp.mahbod.com
2022-02-11 10:02:34,116 DEBUG scheduler Queued events for site erp.mahbod.com
2022-02-11 10:03:35,249 DEBUG scheduler Queued events for site erp.mahbod.com
2022-02-11 10:04:36,380 DEBUG scheduler Queued events for site erp.mahbod.com
2022-02-11 10:05:37,456 DEBUG scheduler Queued events for site erp.mahbod.com
2022-02-11 10:06:38,648 DEBUG scheduler Queued events for site erp.mahbod.com
2022-02-11 10:07:39,859 DEBUG scheduler Queued events for site erp.mahbod.com
2022-02-11 10:08:40,921 DEBUG scheduler Queued events for site erp.mahbod.com
2022-02-11 10:09:42,085 DEBUG scheduler Queued events for site erp.mahbod.com
2022-02-11 10:10:43,230 DEBUG scheduler Queued events for site erp.mahbod.com
2022-02-11 10:11:44,454 DEBUG scheduler Queued events for site erp.mahbod.com
2022-02-11 10:12:46,077 DEBUG scheduler Queued events for site erp.mahbod.com
2022-02-11 10:13:47,197 DEBUG scheduler Queued events for site erp.mahbod.com
2022-02-11 10:14:48,438 DEBUG scheduler Queued events for site erp.mahbod.com
2022-02-11 10:15:49,767 DEBUG scheduler Queued events for site erp.mahbod.com
2022-02-11 10:16:51,218 DEBUG scheduler Queued events for site erp.mahbod.com
2022-02-11 10:17:52,564 DEBUG scheduler Queued events for site erp.mahbod.com
2022-02-11 10:18:53,846 DEBUG scheduler Queued events for site erp.mahbod.com
2022-02-11 10:19:55,073 DEBUG scheduler Queued events for site erp.mahbod.com
2022-02-11 10:20:56,224 DEBUG scheduler Queued events for site erp.mahbod.com
2022-02-11 10:21:57,461 DEBUG scheduler Queued events for site erp.mahbod.com
2022-02-11 10:22:58,648 DEBUG scheduler Queued events for site erp.mahbod.com
2022-02-11 10:23:59,910 DEBUG scheduler Queued events for site erp.mahbod.com
2022-02-11 10:25:01,061 DEBUG scheduler Queued events for site erp.mahbod.com
2022-02-11 10:26:02,702 DEBUG scheduler Queued events for site erp.mahbod.com
2022-02-11 10:27:04,090 DEBUG scheduler Queued events for site erp.mahbod.com
2022-02-11 10:28:05,370 DEBUG scheduler Queued events for site erp.mahbod.com
2022-02-11 10:29:06,578 DEBUG scheduler Queued events for site erp.mahbod.com
2022-02-11 10:49:51,540 INFO scheduler Scheduled Job Start: erpnext.stock.doctype.repost_item_valuation.repost_item_valuation.repost_entries for erp.mahbod.com
2022-02-11 10:49:51,779 INFO scheduler Scheduled Job Start: erpnext.hr.doctype.shift_type.shift_type.process_auto_attendance_for_all_shifts for erp.mahbod.com
2022-02-11 10:49:52,424 INFO scheduler Scheduled Job Complete: erpnext.hr.doctype.shift_type.shift_type.process_auto_attendance_for_all_shifts for erp.mahbod.com
2022-02-11 10:49:52,600 INFO scheduler Scheduled Job Start: erpnext.projects.doctype.project.project.collect_project_status for erp.mahbod.com
2022-02-11 10:49:52,772 INFO scheduler Scheduled Job Complete: erpnext.stock.doctype.repost_item_valuation.repost_item_valuation.repost_entries for erp.mahbod.com
2022-02-11 10:49:52,774 DEBUG scheduler Queued events for site erp.mahbod.com
2022-02-11 10:49:53,203 INFO scheduler Scheduled Job Complete: erpnext.projects.doctype.project.project.collect_project_status for erp.mahbod.com
2022-02-11 10:49:53,319 INFO scheduler Scheduled Job Start: erpnext.projects.doctype.project.project.hourly_reminder for erp.mahbod.com
2022-02-11 10:49:54,018 INFO scheduler Scheduled Job Complete: erpnext.projects.doctype.project.project.hourly_reminder for erp.mahbod.com
2022-02-11 10:49:54,151 INFO scheduler Scheduled Job Start: erpnext.erpnext_integrations.doctype.plaid_settings.plaid_settings.automatic_synchronization for erp.mahbod.com
2022-02-11 10:49:54,877 INFO scheduler Scheduled Job Complete: erpnext.erpnext_integrations.doctype.plaid_settings.plaid_settings.automatic_synchronization for erp.mahbod.com
2022-02-11 10:49:55,009 INFO scheduler Scheduled Job Start: erpnext.accounts.doctype.gl_entry.gl_entry.rename_gle_sle_docs for erp.mahbod.com
2022-02-11 10:49:55,656 INFO scheduler Scheduled Job Complete: erpnext.accounts.doctype.gl_entry.gl_entry.rename_gle_sle_docs for erp.mahbod.com
2022-02-11 10:49:55,797 INFO scheduler Scheduled Job Start: erpnext.erpnext_integrations.doctype.amazon_mws_settings.amazon_mws_settings.schedule_get_order_details for erp.mahbod.com
2022-02-11 10:49:56,366 INFO scheduler Scheduled Job Complete: erpnext.erpnext_integrations.doctype.amazon_mws_settings.amazon_mws_settings.schedule_get_order_details for erp.mahbod.com
2022-02-11 10:49:56,508 INFO scheduler Scheduled Job Start: erpnext.accounts.doctype.subscription.subscription.process_all for erp.mahbod.com
2022-02-11 10:49:57,132 INFO scheduler Scheduled Job Complete: erpnext.accounts.doctype.subscription.subscription.process_all for erp.mahbod.com
2022-02-11 10:49:57,263 INFO scheduler Scheduled Job Start: erpnext.hr.doctype.daily_work_summary_group.daily_work_summary_group.trigger_emails for erp.mahbod.com
2022-02-11 10:49:57,786 INFO scheduler Scheduled Job Complete: erpnext.hr.doctype.daily_work_summary_group.daily_work_summary_group.trigger_emails for erp.mahbod.com
2022-02-11 10:49:57,938 INFO scheduler Scheduled Job Start: erpnext.crm.doctype.social_media_post.social_media_post.process_scheduled_social_media_posts for erp.mahbod.com
2022-02-11 10:49:58,461 INFO scheduler Scheduled Job Complete: erpnext.crm.doctype.social_media_post.social_media_post.process_scheduled_social_media_posts for erp.mahbod.com
2022-02-11 10:49:58,591 INFO scheduler Scheduled Job Start: erpnext.hr.doctype.interview.interview.send_interview_reminder for erp.mahbod.com
2022-02-11 10:49:59,160 INFO scheduler Scheduled Job Complete: erpnext.hr.doctype.interview.interview.send_interview_reminder for erp.mahbod.com
2022-02-11 10:49:59,283 INFO scheduler Scheduled Job Start: erpnext.projects.doctype.project.project.project_status_update_reminder for erp.mahbod.com
2022-02-11 10:49:59,818 INFO scheduler Scheduled Job Complete: erpnext.projects.doctype.project.project.project_status_update_reminder for erp.mahbod.com
2022-02-11 10:49:59,958 INFO scheduler Scheduled Job Start: erpnext.utilities.doctype.video.video.update_youtube_data for erp.mahbod.com
2022-02-11 10:50:00,613 INFO scheduler Scheduled Job Complete: erpnext.utilities.doctype.video.video.update_youtube_data for erp.mahbod.com
2022-02-11 10:50:00,739 INFO scheduler Scheduled Job Start: frappe.email.doctype.newsletter.newsletter.send_scheduled_email for erp.mahbod.com
2022-02-11 10:50:01,294 INFO scheduler Scheduled Job Complete: frappe.email.doctype.newsletter.newsletter.send_scheduled_email for erp.mahbod.com
2022-02-11 10:50:01,443 INFO scheduler Scheduled Job Start: frappe.integrations.doctype.google_calendar.google_calendar.sync for erp.mahbod.com
2022-02-11 10:50:02,243 INFO scheduler Scheduled Job Complete: frappe.integrations.doctype.google_calendar.google_calendar.sync for erp.mahbod.com
2022-02-11 10:50:02,392 INFO scheduler Scheduled Job Start: frappe.desk.form.document_follow.send_hourly_updates for erp.mahbod.com
2022-02-11 10:50:02,974 INFO scheduler Scheduled Job Complete: frappe.desk.form.document_follow.send_hourly_updates for erp.mahbod.com
2022-02-11 10:50:03,118 INFO scheduler Scheduled Job Start: frappe.deferred_insert.save_to_db for erp.mahbod.com
2022-02-11 10:50:03,763 INFO scheduler Scheduled Job Complete: frappe.deferred_insert.save_to_db for erp.mahbod.com
2022-02-11 10:50:03,886 INFO scheduler Scheduled Job Start: frappe.desk.page.backups.backups.delete_downloadable_backups for erp.mahbod.com
2022-02-11 10:50:04,349 INFO scheduler Scheduled Job Complete: frappe.desk.page.backups.backups.delete_downloadable_backups for erp.mahbod.com
2022-02-11 10:50:04,477 INFO scheduler Scheduled Job Start: frappe.utils.error.collect_error_snapshots for erp.mahbod.com
2022-02-11 10:50:04,894 INFO scheduler Scheduled Job Complete: frappe.utils.error.collect_error_snapshots for erp.mahbod.com
2022-02-11 10:50:05,032 INFO scheduler Scheduled Job Start: frappe.model.utils.user_settings.sync_user_settings for erp.mahbod.com
2022-02-11 10:50:05,470 INFO scheduler Scheduled Job Complete: frappe.model.utils.user_settings.sync_user_settings for erp.mahbod.com
2022-02-11 10:50:05,600 INFO scheduler Scheduled Job Start: frappe.model.utils.link_count.update_link_count for erp.mahbod.com
2022-02-11 10:50:06,054 INFO scheduler Scheduled Job Complete: frappe.model.utils.link_count.update_link_count for erp.mahbod.com
2022-02-11 10:50:06,180 INFO scheduler Scheduled Job Start: frappe.monitor.flush for erp.mahbod.com
2022-02-11 10:50:06,474 INFO scheduler Scheduled Job Complete: frappe.monitor.flush for erp.mahbod.com
2022-02-11 10:50:06,593 INFO scheduler Scheduled Job Start: frappe.utils.global_search.sync_global_search for erp.mahbod.com
2022-02-11 10:50:06,898 INFO scheduler Scheduled Job Complete: frappe.utils.global_search.sync_global_search for erp.mahbod.com
2022-02-11 10:50:07,021 INFO scheduler Scheduled Job Start: frappe.integrations.doctype.razorpay_settings.razorpay_settings.capture_payment for erp.mahbod.com
2022-02-11 10:50:07,557 INFO scheduler Scheduled Job Complete: frappe.integrations.doctype.razorpay_settings.razorpay_settings.capture_payment for erp.mahbod.com
2022-02-11 10:50:07,680 INFO scheduler Scheduled Job Start: frappe.email.doctype.email_account.email_account.notify_unreplied for erp.mahbod.com
2022-02-11 10:50:08,246 INFO scheduler Scheduled Job Complete: frappe.email.doctype.email_account.email_account.notify_unreplied for erp.mahbod.com
2022-02-11 10:50:08,383 INFO scheduler Scheduled Job Start: frappe.email.doctype.email_account.email_account.pull for erp.mahbod.com
2022-02-11 10:50:08,777 INFO scheduler Scheduled Job Complete: frappe.email.doctype.email_account.email_account.pull for erp.mahbod.com
2022-02-11 10:50:08,908 INFO scheduler Scheduled Job Start: frappe.email.queue.flush for erp.mahbod.com
2022-02-11 10:50:09,272 INFO scheduler Scheduled Job Complete: frappe.email.queue.flush for erp.mahbod.com
2022-02-11 10:50:09,414 INFO scheduler Scheduled Job Start: frappe.twofactor.delete_all_barcodes_for_users for erp.mahbod.com
2022-02-11 10:50:09,966 INFO scheduler Scheduled Job Complete: frappe.twofactor.delete_all_barcodes_for_users for erp.mahbod.com
2022-02-11 10:50:10,098 INFO scheduler Scheduled Job Start: frappe.website.doctype.web_page.web_page.check_publish_status for erp.mahbod.com
2022-02-11 10:50:10,664 INFO scheduler Scheduled Job Complete: frappe.website.doctype.web_page.web_page.check_publish_status for erp.mahbod.com
2022-02-11 10:50:10,797 INFO scheduler Scheduled Job Start: frappe.oauth.delete_oauth2_data for erp.mahbod.com
2022-02-11 10:50:11,423 INFO scheduler Scheduled Job Complete: frappe.oauth.delete_oauth2_data for erp.mahbod.com
2022-02-11 10:50:53,268 DEBUG scheduler Queued events for site erp.mahbod.com
2022-02-11 10:51:53,730 DEBUG scheduler Queued events for site erp.mahbod.com
2022-02-11 10:52:54,169 INFO scheduler Scheduled Job Start: erpnext.crm.doctype.social_media_post.social_media_post.process_scheduled_social_media_posts for erp.mahbod.com
2022-02-11 10:52:54,366 DEBUG scheduler Queued events for site erp.mahbod.com
2022-02-11 10:52:54,532 INFO scheduler Scheduled Job Complete: erpnext.crm.doctype.social_media_post.social_media_post.process_scheduled_social_media_posts for erp.mahbod.com
2022-02-11 10:52:54,656 INFO scheduler Scheduled Job Start: erpnext.hr.doctype.interview.interview.send_interview_reminder for erp.mahbod.com
2022-02-11 10:52:55,047 INFO scheduler Scheduled Job Complete: erpnext.hr.doctype.interview.interview.send_interview_reminder for erp.mahbod.com
2022-02-11 10:52:55,170 INFO scheduler Scheduled Job Start: erpnext.projects.doctype.project.project.project_status_update_reminder for erp.mahbod.com
2022-02-11 10:52:55,705 INFO scheduler Scheduled Job Complete: erpnext.projects.doctype.project.project.project_status_update_reminder for erp.mahbod.com
2022-02-11 10:52:55,839 INFO scheduler Scheduled Job Start: frappe.monitor.flush for erp.mahbod.com
2022-02-11 10:52:56,143 INFO scheduler Scheduled Job Complete: frappe.monitor.flush for erp.mahbod.com
2022-02-11 10:52:56,287 INFO scheduler Scheduled Job Start: frappe.utils.global_search.sync_global_search for erp.mahbod.com
2022-02-11 10:52:56,606 INFO scheduler Scheduled Job Complete: frappe.utils.global_search.sync_global_search for erp.mahbod.com
2022-02-11 10:52:56,735 INFO scheduler Scheduled Job Start: frappe.integrations.doctype.razorpay_settings.razorpay_settings.capture_payment for erp.mahbod.com
2022-02-11 10:52:57,093 INFO scheduler Scheduled Job Complete: frappe.integrations.doctype.razorpay_settings.razorpay_settings.capture_payment for erp.mahbod.com
2022-02-11 10:52:57,227 INFO scheduler Scheduled Job Start: frappe.email.doctype.email_account.email_account.notify_unreplied for erp.mahbod.com
2022-02-11 10:52:57,608 INFO scheduler Scheduled Job Complete: frappe.email.doctype.email_account.email_account.notify_unreplied for erp.mahbod.com
2022-02-11 10:52:57,746 INFO scheduler Scheduled Job Start: frappe.email.doctype.email_account.email_account.pull for erp.mahbod.com
2022-02-11 10:52:58,184 INFO scheduler Scheduled Job Complete: frappe.email.doctype.email_account.email_account.pull for erp.mahbod.com
2022-02-11 10:52:58,321 INFO scheduler Scheduled Job Start: frappe.email.queue.flush for erp.mahbod.com
2022-02-11 10:52:58,713 INFO scheduler Scheduled Job Complete: frappe.email.queue.flush for erp.mahbod.com
2022-02-11 10:53:54,828 DEBUG scheduler Queued events for site erp.mahbod.com
2022-02-11 10:54:55,317 DEBUG scheduler Queued events for site erp.mahbod.com
2022-02-11 10:55:56,033 DEBUG scheduler Queued events for site erp.mahbod.com
2022-02-11 10:56:56,479 INFO scheduler Scheduled Job Start: erpnext.crm.doctype.social_media_post.social_media_post.process_scheduled_social_media_posts for erp.mahbod.com
2022-02-11 10:56:56,655 DEBUG scheduler Queued events for site erp.mahbod.com
2022-02-11 10:56:57,197 INFO scheduler Scheduled Job Complete: erpnext.crm.doctype.social_media_post.social_media_post.process_scheduled_social_media_posts for erp.mahbod.com
2022-02-11 10:56:57,347 INFO scheduler Scheduled Job Start: erpnext.hr.doctype.interview.interview.send_interview_reminder for erp.mahbod.com
2022-02-11 10:56:57,970 INFO scheduler Scheduled Job Complete: erpnext.hr.doctype.interview.interview.send_interview_reminder for erp.mahbod.com
2022-02-11 10:56:58,098 INFO scheduler Scheduled Job Start: erpnext.projects.doctype.project.project.project_status_update_reminder for erp.mahbod.com
2022-02-11 10:56:58,814 INFO scheduler Scheduled Job Complete: erpnext.projects.doctype.project.project.project_status_update_reminder for erp.mahbod.com
2022-02-11 10:56:58,938 INFO scheduler Scheduled Job Start: frappe.monitor.flush for erp.mahbod.com
2022-02-11 10:56:59,233 INFO scheduler Scheduled Job Complete: frappe.monitor.flush for erp.mahbod.com
2022-02-11 10:56:59,376 INFO scheduler Scheduled Job Start: frappe.utils.global_search.sync_global_search for erp.mahbod.com
2022-02-11 10:56:59,678 INFO scheduler Scheduled Job Complete: frappe.utils.global_search.sync_global_search for erp.mahbod.com
2022-02-11 10:56:59,808 INFO scheduler Scheduled Job Start: frappe.integrations.doctype.razorpay_settings.razorpay_settings.capture_payment for erp.mahbod.com
2022-02-11 10:57:00,335 INFO scheduler Scheduled Job Complete: frappe.integrations.doctype.razorpay_settings.razorpay_settings.capture_payment for erp.mahbod.com
2022-02-11 10:57:00,464 INFO scheduler Scheduled Job Start: frappe.email.doctype.email_account.email_account.notify_unreplied for erp.mahbod.com
2022-02-11 10:57:01,021 INFO scheduler Scheduled Job Complete: frappe.email.doctype.email_account.email_account.notify_unreplied for erp.mahbod.com
2022-02-11 10:57:01,152 INFO scheduler Scheduled Job Start: frappe.email.doctype.email_account.email_account.pull for erp.mahbod.com
2022-02-11 10:57:01,585 INFO scheduler Scheduled Job Complete: frappe.email.doctype.email_account.email_account.pull for erp.mahbod.com
2022-02-11 10:57:01,711 INFO scheduler Scheduled Job Start: frappe.email.queue.flush for erp.mahbod.com
2022-02-11 10:57:02,069 INFO scheduler Scheduled Job Complete: frappe.email.queue.flush for erp.mahbod.com
2022-02-11 10:57:57,137 DEBUG scheduler Queued events for site erp.mahbod.com
2022-02-11 10:58:57,578 DEBUG scheduler Queued events for site erp.mahbod.com
2022-02-11 10:59:58,056 DEBUG scheduler Queued events for site erp.mahbod.com
2022-02-11 11:00:58,359 INFO scheduler Scheduled Job Start: erpnext.stock.doctype.repost_item_valuation.repost_item_valuation.repost_entries for erp.mahbod.com
2022-02-11 11:00:58,516 INFO scheduler Scheduled Job Start: erpnext.hr.doctype.shift_type.shift_type.process_auto_attendance_for_all_shifts for erp.mahbod.com
2022-02-11 11:00:59,188 INFO scheduler Scheduled Job Complete: erpnext.hr.doctype.shift_type.shift_type.process_auto_attendance_for_all_shifts for erp.mahbod.com
2022-02-11 11:00:59,210 INFO scheduler Scheduled Job Complete: erpnext.stock.doctype.repost_item_valuation.repost_item_valuation.repost_entries for erp.mahbod.com
2022-02-11 11:00:59,327 INFO scheduler Scheduled Job Start: erpnext.projects.doctype.project.project.collect_project_status for erp.mahbod.com
2022-02-11 11:00:59,342 DEBUG scheduler Queued events for site erp.mahbod.com
2022-02-11 11:01:00,032 INFO scheduler Scheduled Job Complete: erpnext.projects.doctype.project.project.collect_project_status for erp.mahbod.com
2022-02-11 11:01:00,167 INFO scheduler Scheduled Job Start: erpnext.projects.doctype.project.project.hourly_reminder for erp.mahbod.com
2022-02-11 11:01:00,815 INFO scheduler Scheduled Job Complete: erpnext.projects.doctype.project.project.hourly_reminder for erp.mahbod.com
2022-02-11 11:01:00,943 INFO scheduler Scheduled Job Start: erpnext.erpnext_integrations.doctype.plaid_settings.plaid_settings.automatic_synchronization for erp.mahbod.com
2022-02-11 11:01:01,646 INFO scheduler Scheduled Job Complete: erpnext.erpnext_integrations.doctype.plaid_settings.plaid_settings.automatic_synchronization for erp.mahbod.com
2022-02-11 11:01:01,792 INFO scheduler Scheduled Job Start: erpnext.accounts.doctype.gl_entry.gl_entry.rename_gle_sle_docs for erp.mahbod.com
2022-02-11 11:01:02,432 INFO scheduler Scheduled Job Complete: erpnext.accounts.doctype.gl_entry.gl_entry.rename_gle_sle_docs for erp.mahbod.com
2022-02-11 11:01:02,578 INFO scheduler Scheduled Job Start: erpnext.erpnext_integrations.doctype.amazon_mws_settings.amazon_mws_settings.schedule_get_order_details for erp.mahbod.com
2022-02-11 11:01:03,136 INFO scheduler Scheduled Job Complete: erpnext.erpnext_integrations.doctype.amazon_mws_settings.amazon_mws_settings.schedule_get_order_details for erp.mahbod.com
2022-02-11 11:01:03,273 INFO scheduler Scheduled Job Start: erpnext.accounts.doctype.subscription.subscription.process_all for erp.mahbod.com
2022-02-11 11:01:03,893 INFO scheduler Scheduled Job Complete: erpnext.accounts.doctype.subscription.subscription.process_all for erp.mahbod.com
2022-02-11 11:01:04,022 INFO scheduler Scheduled Job Start: erpnext.hr.doctype.daily_work_summary_group.daily_work_summary_group.trigger_emails for erp.mahbod.com
2022-02-11 11:01:04,528 INFO scheduler Scheduled Job Complete: erpnext.hr.doctype.daily_work_summary_group.daily_work_summary_group.trigger_emails for erp.mahbod.com
2022-02-11 11:01:04,661 INFO scheduler Scheduled Job Start: erpnext.crm.doctype.social_media_post.social_media_post.process_scheduled_social_media_posts for erp.mahbod.com
2022-02-11 11:01:05,010 INFO scheduler Scheduled Job Complete: erpnext.crm.doctype.social_media_post.social_media_post.process_scheduled_social_media_posts for erp.mahbod.com
2022-02-11 11:01:05,147 INFO scheduler Scheduled Job Start: erpnext.hr.doctype.interview.interview.send_interview_reminder for erp.mahbod.com
2022-02-11 11:01:05,515 INFO scheduler Scheduled Job Complete: erpnext.hr.doctype.interview.interview.send_interview_reminder for erp.mahbod.com
2022-02-11 11:01:05,657 INFO scheduler Scheduled Job Start: erpnext.projects.doctype.project.project.project_status_update_reminder for erp.mahbod.com
2022-02-11 11:01:06,189 INFO scheduler Scheduled Job Complete: erpnext.projects.doctype.project.project.project_status_update_reminder for erp.mahbod.com
2022-02-11 11:01:06,324 INFO scheduler Scheduled Job Start: erpnext.utilities.doctype.video.video.update_youtube_data for erp.mahbod.com
2022-02-11 11:01:07,044 INFO scheduler Scheduled Job Failed: erpnext.utilities.doctype.video.video.update_youtube_data for erp.mahbod.com
2022-02-11 11:01:07,181 INFO scheduler Scheduled Job Start: frappe.email.doctype.newsletter.newsletter.send_scheduled_email for erp.mahbod.com
2022-02-11 11:01:07,731 INFO scheduler Scheduled Job Complete: frappe.email.doctype.newsletter.newsletter.send_scheduled_email for erp.mahbod.com
2022-02-11 11:01:07,865 INFO scheduler Scheduled Job Start: frappe.integrations.doctype.google_calendar.google_calendar.sync for erp.mahbod.com
2022-02-11 11:01:08,612 INFO scheduler Scheduled Job Complete: frappe.integrations.doctype.google_calendar.google_calendar.sync for erp.mahbod.com
2022-02-11 11:01:08,761 INFO scheduler Scheduled Job Start: frappe.desk.form.document_follow.send_hourly_updates for erp.mahbod.com
2022-02-11 11:01:09,302 INFO scheduler Scheduled Job Complete: frappe.desk.form.document_follow.send_hourly_updates for erp.mahbod.com
2022-02-11 11:01:09,439 INFO scheduler Scheduled Job Start: frappe.deferred_insert.save_to_db for erp.mahbod.com
2022-02-11 11:01:10,133 INFO scheduler Scheduled Job Complete: frappe.deferred_insert.save_to_db for erp.mahbod.com
2022-02-11 11:01:10,262 INFO scheduler Scheduled Job Start: frappe.desk.page.backups.backups.delete_downloadable_backups for erp.mahbod.com
2022-02-11 11:01:10,731 INFO scheduler Scheduled Job Complete: frappe.desk.page.backups.backups.delete_downloadable_backups for erp.mahbod.com
2022-02-11 11:01:10,864 INFO scheduler Scheduled Job Start: frappe.utils.error.collect_error_snapshots for erp.mahbod.com
2022-02-11 11:01:11,291 INFO scheduler Scheduled Job Complete: frappe.utils.error.collect_error_snapshots for erp.mahbod.com
2022-02-11 11:01:11,429 INFO scheduler Scheduled Job Start: frappe.model.utils.user_settings.sync_user_settings for erp.mahbod.com
2022-02-11 11:01:11,864 INFO scheduler Scheduled Job Complete: frappe.model.utils.user_settings.sync_user_settings for erp.mahbod.com
2022-02-11 11:01:12,002 INFO scheduler Scheduled Job Start: frappe.model.utils.link_count.update_link_count for erp.mahbod.com
2022-02-11 11:01:12,442 INFO scheduler Scheduled Job Complete: frappe.model.utils.link_count.update_link_count for erp.mahbod.com
2022-02-11 11:01:12,583 INFO scheduler Scheduled Job Start: frappe.monitor.flush for erp.mahbod.com
2022-02-11 11:01:12,870 INFO scheduler Scheduled Job Complete: frappe.monitor.flush for erp.mahbod.com
2022-02-11 11:01:13,013 INFO scheduler Scheduled Job Start: frappe.utils.global_search.sync_global_search for erp.mahbod.com
2022-02-11 11:01:13,327 INFO scheduler Scheduled Job Complete: frappe.utils.global_search.sync_global_search for erp.mahbod.com
2022-02-11 11:01:13,449 INFO scheduler Scheduled Job Start: frappe.integrations.doctype.razorpay_settings.razorpay_settings.capture_payment for erp.mahbod.com
2022-02-11 11:01:13,796 INFO scheduler Scheduled Job Complete: frappe.integrations.doctype.razorpay_settings.razorpay_settings.capture_payment for erp.mahbod.com
2022-02-11 11:01:13,924 INFO scheduler Scheduled Job Start: frappe.email.doctype.email_account.email_account.notify_unreplied for erp.mahbod.com
2022-02-11 11:01:14,299 INFO scheduler Scheduled Job Complete: frappe.email.doctype.email_account.email_account.notify_unreplied for erp.mahbod.com
2022-02-11 11:01:14,425 INFO scheduler Scheduled Job Start: frappe.email.doctype.email_account.email_account.pull for erp.mahbod.com
2022-02-11 11:01:14,829 INFO scheduler Scheduled Job Complete: frappe.email.doctype.email_account.email_account.pull for erp.mahbod.com
2022-02-11 11:01:14,957 INFO scheduler Scheduled Job Start: frappe.email.queue.flush for erp.mahbod.com
2022-02-11 11:01:15,286 INFO scheduler Scheduled Job Complete: frappe.email.queue.flush for erp.mahbod.com
2022-02-11 11:01:15,415 INFO scheduler Scheduled Job Start: frappe.twofactor.delete_all_barcodes_for_users for erp.mahbod.com
2022-02-11 11:01:15,964 INFO scheduler Scheduled Job Complete: frappe.twofactor.delete_all_barcodes_for_users for erp.mahbod.com
2022-02-11 11:01:16,102 INFO scheduler Scheduled Job Start: frappe.website.doctype.web_page.web_page.check_publish_status for erp.mahbod.com
2022-02-11 11:01:16,664 INFO scheduler Scheduled Job Complete: frappe.website.doctype.web_page.web_page.check_publish_status for erp.mahbod.com
2022-02-11 11:01:16,793 INFO scheduler Scheduled Job Start: frappe.oauth.delete_oauth2_data for erp.mahbod.com
2022-02-11 11:01:17,373 INFO scheduler Scheduled Job Complete: frappe.oauth.delete_oauth2_data for erp.mahbod.com
2022-02-11 11:02:00,082 DEBUG scheduler Queued events for site erp.mahbod.com
2022-02-11 11:03:00,530 DEBUG scheduler Queued events for site erp.mahbod.com
